[0.014s] Invoking command in '/home/nanu/turtlebot_social_navigation/build/turtlebot4_gazebo': CMAKE_PREFIX_PATH=${CMAKE_PREFIX_PATH}:/home/nanu/turtlebot3_drlnav/install/turtlebot3_drl:/opt/ros/humble /usr/bin/cmake --build /home/nanu/turtlebot_social_navigation/build/turtlebot4_gazebo -- -j16 -l16
[0.031s] -- Found ament_cmake: 1.3.8 (/opt/ros/humble/share/ament_cmake/cmake)
[0.128s] [33mCMake Warning (dev) at /usr/share/cmake-3.22/Modules/FindPackageHandleStandardArgs.cmake:438 (message):
[0.128s]   The package name passed to `find_package_handle_standard_args` (PkgConfig)
[0.128s]   does not match the name of the calling package (gazebo).  This can lead to
[0.128s]   problems in calling code that expects `find_package` result variables
[0.128s]   (e.g., `_FOUND`) to follow a certain pattern.
[0.128s] Call Stack (most recent call first):
[0.128s]   /usr/share/cmake-3.22/Modules/FindPkgConfig.cmake:99 (find_package_handle_standard_args)
[0.129s]   /usr/lib/x86_64-linux-gnu/cmake/gazebo/gazebo-config.cmake:72 (include)
[0.129s]   CMakeLists.txt:23 (find_package)
[0.129s] This warning is for project developers.  Use -Wno-dev to suppress it.
[0.129s] [0m
[0.146s] -- Found DART: /usr/include (Required is at least version "6.6") found components: dart 
[0.165s] -- Found Protobuf: /usr/lib/x86_64-linux-gnu/libprotobuf.so (found version "3.12.4") 
[0.166s] -- Looking for ignition-math6 -- found version 6.15.1
[0.169s] -- Searching for dependencies of ignition-math6
[0.170s] -- Looking for OGRE...
[0.174s] -- Found Ogre Ghadamon (1.9.0)
[0.174s] -- Found OGRE: optimized;/usr/lib/x86_64-linux-gnu/libOgreMain.so;debug;/usr/lib/x86_64-linux-gnu/libOgreMain.so
[0.180s] -- Looking for OGRE_Paging...
[0.180s] -- Found OGRE_Paging: optimized;/usr/lib/x86_64-linux-gnu/libOgrePaging.so;debug;/usr/lib/x86_64-linux-gnu/libOgrePaging.so
[0.181s] -- Looking for OGRE_Terrain...
[0.181s] -- Found OGRE_Terrain: optimized;/usr/lib/x86_64-linux-gnu/libOgreTerrain.so;debug;/usr/lib/x86_64-linux-gnu/libOgreTerrain.so
[0.181s] -- Looking for OGRE_Property...
[0.181s] -- Found OGRE_Property: optimized;/usr/lib/x86_64-linux-gnu/libOgreProperty.so;debug;/usr/lib/x86_64-linux-gnu/libOgreProperty.so
[0.181s] -- Looking for OGRE_RTShaderSystem...
[0.181s] -- Found OGRE_RTShaderSystem: optimized;/usr/lib/x86_64-linux-gnu/libOgreRTShaderSystem.so;debug;/usr/lib/x86_64-linux-gnu/libOgreRTShaderSystem.so
[0.181s] -- Looking for OGRE_Volume...
[0.181s] -- Found OGRE_Volume: optimized;/usr/lib/x86_64-linux-gnu/libOgreVolume.so;debug;/usr/lib/x86_64-linux-gnu/libOgreVolume.so
[0.181s] -- Looking for OGRE_Overlay...
[0.181s] -- Found OGRE_Overlay: optimized;/usr/lib/x86_64-linux-gnu/libOgreOverlay.so;debug;/usr/lib/x86_64-linux-gnu/libOgreOverlay.so
[0.285s] -- Looking for ignition-math6 -- found version 6.15.1
[0.285s] -- Looking for ignition-transport8 -- found version 8.2.1
[0.285s] -- Searching for dependencies of ignition-transport8
[0.299s] -- Found Protobuf: /usr/lib/x86_64-linux-gnu/libprotobuf.so (found suitable version "3.12.4", minimum required is "3") 
[0.307s] -- Config-file not installed for ZeroMQ -- checking for pkg-config
[0.310s] -- Checking for module 'libzmq >= 4'
[0.319s] --   Found libzmq , version 4.3.4
[0.343s] -- Checking for module 'uuid'
[0.351s] --   Found uuid, version 2.37.2
[0.371s] -- Looking for ignition-msgs5 -- found version 5.8.1
[0.372s] -- Searching for dependencies of ignition-msgs5
[0.385s] -- Looking for ignition-math6 -- found version 6.15.1
[0.387s] -- Checking for module 'tinyxml2'
[0.396s] --   Found tinyxml2, version 9.0.0
[0.416s] -- Looking for ignition-msgs5 -- found version 5.8.1
[0.416s] -- Looking for ignition-common3 -- found version 3.14.0
[0.416s] -- Searching for dependencies of ignition-common3
[0.416s] -- Looking for dlfcn.h - found
[0.416s] -- Looking for libdl - found
[0.424s] -- Searching for <ignition-common3> component [graphics]
[0.424s] -- Looking for ignition-common3-graphics -- found version 3.14.0
[0.424s] -- Searching for dependencies of ignition-common3-graphics
[0.424s] -- Looking for ignition-math6 -- found version 6.15.1
[0.425s] -- Looking for ignition-fuel_tools4 -- found version 4.4.0
[0.425s] -- Searching for dependencies of ignition-fuel_tools4
[0.451s] -- Checking for module 'jsoncpp'
[0.462s] --   Found jsoncpp, version 1.9.5
[0.485s] -- Checking for module 'libzip'
[0.494s] --   Found libzip, version 1.7.3
[0.514s] -- Looking for ignition-common3 -- found version 3.14.0
[0.514s] -- Looking for ignition-math6 -- found version 6.15.1
[0.515s] -- Looking for ignition-msgs5 -- found version 5.8.1
[0.516s] -- Found gazebo_ros_pkgs: 3.7.0 (/opt/ros/humble/share/gazebo_ros_pkgs/cmake)
[0.516s] -- Found geometry_msgs: 4.2.3 (/opt/ros/humble/share/geometry_msgs/cmake)
[0.528s] -- Found rosidl_generator_c: 3.1.5 (/opt/ros/humble/share/rosidl_generator_c/cmake)
[0.529s] -- Found rosidl_adapter: 3.1.5 (/opt/ros/humble/share/rosidl_adapter/cmake)
[0.533s] -- Found rosidl_generator_cpp: 3.1.5 (/opt/ros/humble/share/rosidl_generator_cpp/cmake)
[0.540s] -- Using all available rosidl_typesupport_c: rosidl_typesupport_fastrtps_c;rosidl_typesupport_introspection_c
[0.551s] -- Using all available rosidl_typesupport_cpp: rosidl_typesupport_fastrtps_cpp;rosidl_typesupport_introspection_cpp
[0.626s] -- Found nav_msgs: 4.2.3 (/opt/ros/humble/share/nav_msgs/cmake)
[0.681s] -- Found rclcpp: 16.0.8 (/opt/ros/humble/share/rclcpp/cmake)
[0.711s] -- Found rmw_implementation_cmake: 6.1.1 (/opt/ros/humble/share/rmw_implementation_cmake/cmake)
[0.712s] -- Found rmw_fastrtps_cpp: 6.2.6 (/opt/ros/humble/share/rmw_fastrtps_cpp/cmake)
[0.793s] -- Using RMW implementation 'rmw_fastrtps_cpp' as default
[0.874s] -- Found sensor_msgs: 4.2.3 (/opt/ros/humble/share/sensor_msgs/cmake)
[0.928s] -- Found tf2: 0.25.6 (/opt/ros/humble/share/tf2/cmake)
[0.976s] -- Configuring done
[0.992s] -- Generating done
[0.993s] -- Build files have been written to: /home/nanu/turtlebot_social_navigation/build/turtlebot4_gazebo
[1.014s] [35m[1mConsolidate compiler generated dependencies of target obstacle1[0m
[1.014s] [35m[1mConsolidate compiler generated dependencies of target obstacle2[0m
[1.015s] [35m[1mConsolidate compiler generated dependencies of target obstacles[0m
[1.020s] [ 12%] [32mBuilding CXX object CMakeFiles/turtlebot4_drive.dir/src/turtlebot4_drive.cpp.o[0m
[1.041s] [ 75%] Built target obstacle1
[1.041s] [ 75%] Built target obstacle2
[1.041s] [ 87%] Built target obstacles
[2.540s] [01m[K/home/nanu/turtlebot_social_navigation/src/turtlebot_simulations/turtlebot4_gazebo/src/turtlebot4_drive.cpp:7:1:[m[K [01;31m[Kerror: [m[Kâ€˜[01m[KTurtlebot3Drive[m[Kâ€™ does not name a type; did you mean â€˜[01m[KTurtlebot4Drive[m[Kâ€™?
[2.540s]     7 | [01;31m[KTurtlebot3Drive[m[K::Turtlebot4Drive()
[2.540s]       | [01;31m[K^~~~~~~~~~~~~~~[m[K
[2.540s]       | [32m[KTurtlebot4Drive[m[K
[2.897s] gmake[2]: *** [CMakeFiles/turtlebot4_drive.dir/build.make:76: CMakeFiles/turtlebot4_drive.dir/src/turtlebot4_drive.cpp.o] Error 1
[2.898s] gmake[1]: *** [CMakeFiles/Makefile2:143: CMakeFiles/turtlebot4_drive.dir/all] Error 2
[2.898s] gmake: *** [Makefile:146: all] Error 2
[2.900s] Invoked command in '/home/nanu/turtlebot_social_navigation/build/turtlebot4_gazebo' returned '2': CMAKE_PREFIX_PATH=${CMAKE_PREFIX_PATH}:/home/nanu/turtlebot3_drlnav/install/turtlebot3_drl:/opt/ros/humble /usr/bin/cmake --build /home/nanu/turtlebot_social_navigation/build/turtlebot4_gazebo -- -j16 -l16
