[0.015s] Invoking command in '/home/nanu/turtlebot_social_navigation/build/turtlebot4_gazebo': CMAKE_PREFIX_PATH=${CMAKE_PREFIX_PATH}:/home/nanu/turtlebot3_drlnav/install/turtlebot3_drl:/opt/ros/humble /usr/bin/cmake --build /home/nanu/turtlebot_social_navigation/build/turtlebot4_gazebo -- -j16 -l16
[0.053s] [ 12%] [32mBuilding CXX object CMakeFiles/turtlebot4_drive.dir/src/turtlebot4_drive.cpp.o[0m
[0.061s] [01m[K/home/nanu/turtlebot_social_navigation/src/turtlebot_simulations/turtlebot4_gazebo/src/turtlebot4_drive.cpp:1:10:[m[K [01;31m[Kfatal error: [m[Kturtlebot4_gazebo/turtlebot4_drive.hpp: No such file or directory
[0.061s]     1 | #include [01;31m[K"turtlebot4_gazebo/turtlebot4_drive.hpp"[m[K
[0.061s]       |          [01;31m[K^~~~~~~~~~~~~~~~~~~~~~~~~~~~~~~~~~~~~~~~[m[K
[0.061s] compilation terminated.
[0.061s] gmake[2]: *** [CMakeFiles/turtlebot4_drive.dir/build.make:76: CMakeFiles/turtlebot4_drive.dir/src/turtlebot4_drive.cpp.o] Error 1
[0.062s] gmake[1]: *** [CMakeFiles/Makefile2:143: CMakeFiles/turtlebot4_drive.dir/all] Error 2
[0.062s] gmake[1]: *** Waiting for unfinished jobs....
[0.073s] [ 62%] Built target obstacles
[0.073s] [ 62%] Built target obstacle2
[0.073s] [ 87%] Built target obstacle1
[0.075s] gmake: *** [Makefile:146: all] Error 2
[0.077s] Invoked command in '/home/nanu/turtlebot_social_navigation/build/turtlebot4_gazebo' returned '2': CMAKE_PREFIX_PATH=${CMAKE_PREFIX_PATH}:/home/nanu/turtlebot3_drlnav/install/turtlebot3_drl:/opt/ros/humble /usr/bin/cmake --build /home/nanu/turtlebot_social_navigation/build/turtlebot4_gazebo -- -j16 -l16
