[33mCMake Warning (dev) at /usr/share/cmake-3.22/Modules/FindPackageHandleStandardArgs.cmake:438 (message):
  The package name passed to `find_package_handle_standard_args` (PkgConfig)
  does not match the name of the calling package (gazebo).  This can lead to
  problems in calling code that expects `find_package` result variables
  (e.g., `_FOUND`) to follow a certain pattern.
Call Stack (most recent call first):
  /usr/share/cmake-3.22/Modules/FindPkgConfig.cmake:99 (find_package_handle_standard_args)
  /usr/lib/x86_64-linux-gnu/cmake/gazebo/gazebo-config.cmake:72 (include)
  CMakeLists.txt:23 (find_package)
This warning is for project developers.  Use -Wno-dev to suppress it.
[0m
[01m[K/home/nanu/turtlebot_social_navigation/src/turtlebot_simulations/turtlebot4_gazebo/src/turtlebot3_drive.cpp:7:1:[m[K [01;31m[Kerror: [m[KISO C++ forbids declaration of â€˜[01m[KTurtlebot4Drive[m[Kâ€™ with no type [[01;31m[K]8;;https://gcc.gnu.org/onlinedocs/gcc/Warning-Options.html#index-fpermissive-fpermissive]8;;[m[K]
    7 | [01;31m[KTurtlebot3Drive[m[K::Turtlebot4Drive()
      | [01;31m[K^~~~~~~~~~~~~~~[m[K
[01m[K/home/nanu/turtlebot_social_navigation/src/turtlebot_simulations/turtlebot4_gazebo/src/turtlebot3_drive.cpp:7:1:[m[K [01;31m[Kerror: [m[Kno declaration matches â€˜[01m[Kint Turtlebot3Drive::Turtlebot4Drive()[m[Kâ€™
[01m[K/home/nanu/turtlebot_social_navigation/src/turtlebot_simulations/turtlebot4_gazebo/src/turtlebot3_drive.cpp:7:1:[m[K [01;36m[Knote: [m[Kno functions named â€˜[01m[Kint Turtlebot3Drive::Turtlebot4Drive()[m[Kâ€™
In file included from [01m[K/home/nanu/turtlebot_social_navigation/src/turtlebot_simulations/turtlebot4_gazebo/src/turtlebot3_drive.cpp:1[m[K:
[01m[K/home/nanu/turtlebot_social_navigation/src/turtlebot_simulations/turtlebot4_gazebo/include/turtlebot3_gazebo/turtlebot3_drive.hpp:42:7:[m[K [01;36m[Knote: [m[Kâ€˜[01m[Kclass Turtlebot3Drive[m[Kâ€™ defined here
   42 | class [01;36m[KTurtlebot3Drive[m[K : public rclcpp::Node
      |       [01;36m[K^~~~~~~~~~~~~~~[m[K
[01m[K/home/nanu/turtlebot_social_navigation/src/turtlebot_simulations/turtlebot4_gazebo/src/turtlebot3_drive.cpp:47:1:[m[K [01;31m[Kerror: [m[Kâ€˜[01m[KTurtlebot4Drive[m[Kâ€™ does not name a type; did you mean â€˜[01m[KTurtlebot3Drive[m[Kâ€™?
   47 | [01;31m[KTurtlebot4Drive[m[K::~Turtlebot4Drive()
      | [01;31m[K^~~~~~~~~~~~~~~[m[K
      | [32m[KTurtlebot3Drive[m[K
[01m[K/home/nanu/turtlebot_social_navigation/src/turtlebot_simulations/turtlebot4_gazebo/src/turtlebot3_drive.cpp:55:6:[m[K [01;31m[Kerror: [m[Kâ€˜[01m[KTurtlebot4Drive[m[Kâ€™ has not been declared
   55 | void [01;31m[KTurtlebot4Drive[m[K::odom_callback(const nav_msgs::msg::Odometry::SharedPtr msg)
      |      [01;31m[K^~~~~~~~~~~~~~~[m[K
[01m[K/home/nanu/turtlebot_social_navigation/src/turtlebot_simulations/turtlebot4_gazebo/src/turtlebot3_drive.cpp:[m[K In function â€˜[01m[Kvoid odom_callback(nav_msgs::msg::Odometry_<std::allocator<void> >::SharedPtr)[m[Kâ€™:
[01m[K/home/nanu/turtlebot_social_navigation/src/turtlebot_simulations/turtlebot4_gazebo/src/turtlebot3_drive.cpp:66:3:[m[K [01;31m[Kerror: [m[Kâ€˜[01m[Krobot_pose_[m[Kâ€™ was not declared in this scope
   66 |   [01;31m[Krobot_pose_[m[K = yaw;
      |   [01;31m[K^~~~~~~~~~~[m[K
[01m[K/home/nanu/turtlebot_social_navigation/src/turtlebot_simulations/turtlebot4_gazebo/src/turtlebot3_drive.cpp:[m[K At global scope:
[01m[K/home/nanu/turtlebot_social_navigation/src/turtlebot_simulations/turtlebot4_gazebo/src/turtlebot3_drive.cpp:69:6:[m[K [01;31m[Kerror: [m[Kâ€˜[01m[KTurtlebot4Drive[m[Kâ€™ has not been declared
   69 | void [01;31m[KTurtlebot4Drive[m[K::scan_callback(const sensor_msgs::msg::LaserScan::SharedPtr msg)
      |      [01;31m[K^~~~~~~~~~~~~~~[m[K
[01m[K/home/nanu/turtlebot_social_navigation/src/turtlebot_simulations/turtlebot4_gazebo/src/turtlebot3_drive.cpp:[m[K In function â€˜[01m[Kvoid scan_callback(sensor_msgs::msg::LaserScan_<std::allocator<void> >::SharedPtr)[m[Kâ€™:
[01m[K/home/nanu/turtlebot_social_navigation/src/turtlebot_simulations/turtlebot4_gazebo/src/turtlebot3_drive.cpp:75:7:[m[K [01;31m[Kerror: [m[Kâ€˜[01m[Kscan_data_[m[Kâ€™ was not declared in this scope
   75 |       [01;31m[Kscan_data_[m[K[num] = msg->range_max;
      |       [01;31m[K^~~~~~~~~~[m[K
[01m[K/home/nanu/turtlebot_social_navigation/src/turtlebot_simulations/turtlebot4_gazebo/src/turtlebot3_drive.cpp:77:7:[m[K [01;31m[Kerror: [m[Kâ€˜[01m[Kscan_data_[m[Kâ€™ was not declared in this scope
   77 |       [01;31m[Kscan_data_[m[K[num] = msg->ranges.at(scan_angle[num]);
      |       [01;31m[K^~~~~~~~~~[m[K
[01m[K/home/nanu/turtlebot_social_navigation/src/turtlebot_simulations/turtlebot4_gazebo/src/turtlebot3_drive.cpp:[m[K At global scope:
[01m[K/home/nanu/turtlebot_social_navigation/src/turtlebot_simulations/turtlebot4_gazebo/src/turtlebot3_drive.cpp:82:6:[m[K [01;31m[Kerror: [m[Kâ€˜[01m[KTurtlebot4Drive[m[Kâ€™ has not been declared
   82 | void [01;31m[KTurtlebot4Drive[m[K::update_cmd_vel(double linear, double angular)
      |      [01;31m[K^~~~~~~~~~~~~~~[m[K
[01m[K/home/nanu/turtlebot_social_navigation/src/turtlebot_simulations/turtlebot4_gazebo/src/turtlebot3_drive.cpp:[m[K In function â€˜[01m[Kvoid update_cmd_vel(double, double)[m[Kâ€™:
[01m[K/home/nanu/turtlebot_social_navigation/src/turtlebot_simulations/turtlebot4_gazebo/src/turtlebot3_drive.cpp:88:3:[m[K [01;31m[Kerror: [m[Kâ€˜[01m[Kcmd_vel_pub_[m[Kâ€™ was not declared in this scope
   88 |   [01;31m[Kcmd_vel_pub_[m[K->publish(cmd_vel);
      |   [01;31m[K^~~~~~~~~~~~[m[K
[01m[K/home/nanu/turtlebot_social_navigation/src/turtlebot_simulations/turtlebot4_gazebo/src/turtlebot3_drive.cpp:[m[K At global scope:
[01m[K/home/nanu/turtlebot_social_navigation/src/turtlebot_simulations/turtlebot4_gazebo/src/turtlebot3_drive.cpp:94:6:[m[K [01;31m[Kerror: [m[Kâ€˜[01m[KTurtlebot4Drive[m[Kâ€™ has not been declared
   94 | void [01;31m[KTurtlebot4Drive[m[K::update_callback()
      |      [01;31m[K^~~~~~~~~~~~~~~[m[K
[01m[K/home/nanu/turtlebot_social_navigation/src/turtlebot_simulations/turtlebot4_gazebo/src/turtlebot3_drive.cpp:[m[K In function â€˜[01m[Kvoid update_callback()[m[Kâ€™:
[01m[K/home/nanu/turtlebot_social_navigation/src/turtlebot_simulations/turtlebot4_gazebo/src/turtlebot3_drive.cpp:103:11:[m[K [01;31m[Kerror: [m[Kâ€˜[01m[Kscan_data_[m[Kâ€™ was not declared in this scope
  103 |       if ([01;31m[Kscan_data_[m[K[CENTER] > check_forward_dist) {
      |           [01;31m[K^~~~~~~~~~[m[K
[01m[K/home/nanu/turtlebot_social_navigation/src/turtlebot_simulations/turtlebot4_gazebo/src/turtlebot3_drive.cpp:105:11:[m[K [01;31m[Kerror: [m[Kâ€˜[01m[Kprev_robot_pose_[m[Kâ€™ was not declared in this scope
  105 |           [01;31m[Kprev_robot_pose_[m[K = robot_pose_;
      |           [01;31m[K^~~~~~~~~~~~~~~~[m[K
[01m[K/home/nanu/turtlebot_social_navigation/src/turtlebot_simulations/turtlebot4_gazebo/src/turtlebot3_drive.cpp:105:30:[m[K [01;31m[Kerror: [m[Kâ€˜[01m[Krobot_pose_[m[Kâ€™ was not declared in this scope
  105 |           prev_robot_pose_ = [01;31m[Krobot_pose_[m[K;
      |                              [01;31m[K^~~~~~~~~~~[m[K
[01m[K/home/nanu/turtlebot_social_navigation/src/turtlebot_simulations/turtlebot4_gazebo/src/turtlebot3_drive.cpp:108:11:[m[K [01;31m[Kerror: [m[Kâ€˜[01m[Kprev_robot_pose_[m[Kâ€™ was not declared in this scope
  108 |           [01;31m[Kprev_robot_pose_[m[K = robot_pose_;
      |           [01;31m[K^~~~~~~~~~~~~~~~[m[K
[01m[K/home/nanu/turtlebot_social_navigation/src/turtlebot_simulations/turtlebot4_gazebo/src/turtlebot3_drive.cpp:108:30:[m[K [01;31m[Kerror: [m[Kâ€˜[01m[Krobot_pose_[m[Kâ€™ was not declared in this scope
  108 |           prev_robot_pose_ = [01;31m[Krobot_pose_[m[K;
      |                              [01;31m[K^~~~~~~~~~~[m[K
[01m[K/home/nanu/turtlebot_social_navigation/src/turtlebot_simulations/turtlebot4_gazebo/src/turtlebot3_drive.cpp:115:11:[m[K [01;31m[Kerror: [m[Kâ€˜[01m[Kscan_data_[m[Kâ€™ was not declared in this scope
  115 |       if ([01;31m[Kscan_data_[m[K[CENTER] < check_forward_dist) {
      |           [01;31m[K^~~~~~~~~~[m[K
[01m[K/home/nanu/turtlebot_social_navigation/src/turtlebot_simulations/turtlebot4_gazebo/src/turtlebot3_drive.cpp:116:9:[m[K [01;31m[Kerror: [m[Kâ€˜[01m[Kprev_robot_pose_[m[Kâ€™ was not declared in this scope
  116 |         [01;31m[Kprev_robot_pose_[m[K = robot_pose_;
      |         [01;31m[K^~~~~~~~~~~~~~~~[m[K
[01m[K/home/nanu/turtlebot_social_navigation/src/turtlebot_simulations/turtlebot4_gazebo/src/turtlebot3_drive.cpp:116:28:[m[K [01;31m[Kerror: [m[Kâ€˜[01m[Krobot_pose_[m[Kâ€™ was not declared in this scope
  116 |         prev_robot_pose_ = [01;31m[Krobot_pose_[m[K;
      |                            [01;31m[K^~~~~~~~~~~[m[K
[01m[K/home/nanu/turtlebot_social_navigation/src/turtlebot_simulations/turtlebot4_gazebo/src/turtlebot3_drive.cpp:127:16:[m[K [01;31m[Kerror: [m[Kâ€˜[01m[Kprev_robot_pose_[m[Kâ€™ was not declared in this scope
  127 |       if (fabs([01;31m[Kprev_robot_pose_[m[K - robot_pose_) >= escape_range) {
      |                [01;31m[K^~~~~~~~~~~~~~~~[m[K
[01m[K/home/nanu/turtlebot_social_navigation/src/turtlebot_simulations/turtlebot4_gazebo/src/turtlebot3_drive.cpp:127:35:[m[K [01;31m[Kerror: [m[Kâ€˜[01m[Krobot_pose_[m[Kâ€™ was not declared in this scope
  127 |       if (fabs(prev_robot_pose_ - [01;31m[Krobot_pose_[m[K) >= escape_range) {
      |                                   [01;31m[K^~~~~~~~~~~[m[K
[01m[K/home/nanu/turtlebot_social_navigation/src/turtlebot_simulations/turtlebot4_gazebo/src/turtlebot3_drive.cpp:135:16:[m[K [01;31m[Kerror: [m[Kâ€˜[01m[Kprev_robot_pose_[m[Kâ€™ was not declared in this scope
  135 |       if (fabs([01;31m[Kprev_robot_pose_[m[K - robot_pose_) >= escape_range) {
      |                [01;31m[K^~~~~~~~~~~~~~~~[m[K
[01m[K/home/nanu/turtlebot_social_navigation/src/turtlebot_simulations/turtlebot4_gazebo/src/turtlebot3_drive.cpp:135:35:[m[K [01;31m[Kerror: [m[Kâ€˜[01m[Krobot_pose_[m[Kâ€™ was not declared in this scope
  135 |       if (fabs(prev_robot_pose_ - [01;31m[Krobot_pose_[m[K) >= escape_range) {
      |                                   [01;31m[K^~~~~~~~~~~[m[K
[01m[K/home/nanu/turtlebot_social_navigation/src/turtlebot_simulations/turtlebot4_gazebo/src/turtlebot3_drive.cpp:[m[K In function â€˜[01m[Kint main(int, char**)[m[Kâ€™:
[01m[K/home/nanu/turtlebot_social_navigation/src/turtlebot_simulations/turtlebot4_gazebo/src/turtlebot3_drive.cpp:154:33:[m[K [01;31m[Kerror: [m[Kâ€˜[01m[KTurtlebot4Drive[m[Kâ€™ was not declared in this scope; did you mean â€˜[01m[KTurtlebot3Drive[m[Kâ€™?
  154 |   rclcpp::spin(std::make_shared<[01;31m[KTurtlebot4Drive[m[K>());
      |                                 [01;31m[K^~~~~~~~~~~~~~~[m[K
      |                                 [32m[KTurtlebot3Drive[m[K
[01m[K/home/nanu/turtlebot_social_navigation/src/turtlebot_simulations/turtlebot4_gazebo/src/turtlebot3_drive.cpp:154:49:[m[K [01;31m[Kerror: [m[Kno matching function for call to â€˜[01m[Kmake_shared<<expression error> >()[m[Kâ€™
  154 |   rclcpp::spin([01;31m[Kstd::make_shared<Turtlebot4Drive>()[m[K);
      |                [01;31m[K~~~~~~~~~~~~~~~~~~~~~~~~~~~~~~~~~^~[m[K
In file included from [01m[K/usr/include/c++/11/memory:77[m[K,
                 from [01m[K/opt/ros/humble/include/geometry_msgs/geometry_msgs/msg/detail/twist__struct.hpp:10[m[K,
                 from [01m[K/opt/ros/humble/include/geometry_msgs/geometry_msgs/msg/twist.hpp:7[m[K,
                 from [01m[K/home/nanu/turtlebot_social_navigation/src/turtlebot_simulations/turtlebot4_gazebo/include/turtlebot3_gazebo/turtlebot3_drive.hpp:20[m[K,
                 from [01m[K/home/nanu/turtlebot_social_navigation/src/turtlebot_simulations/turtlebot4_gazebo/src/turtlebot3_drive.cpp:1[m[K:
[01m[K/usr/include/c++/11/bits/shared_ptr.h:875:5:[m[K [01;36m[Knote: [m[Kcandidate: â€˜[01m[Ktemplate<class _Tp, class ... _Args> std::shared_ptr<_Tp> std::make_shared(_Args&& ...)[m[Kâ€™
  875 |     [01;36m[Kmake_shared[m[K(_Args&&... __args)
      |     [01;36m[K^~~~~~~~~~~[m[K
[01m[K/usr/include/c++/11/bits/shared_ptr.h:875:5:[m[K [01;36m[Knote: [m[K  template argument deduction/substitution failed:
[01m[K/home/nanu/turtlebot_social_navigation/src/turtlebot_simulations/turtlebot4_gazebo/src/turtlebot3_drive.cpp:154:49:[m[K [01;31m[Kerror: [m[Ktemplate argument 1 is invalid
  154 |   rclcpp::spin([01;31m[Kstd::make_shared<Turtlebot4Drive>()[m[K);
      |                [01;31m[K~~~~~~~~~~~~~~~~~~~~~~~~~~~~~~~~~^~[m[K
gmake[2]: *** [CMakeFiles/turtlebot3_drive.dir/build.make:76: CMakeFiles/turtlebot3_drive.dir/src/turtlebot3_drive.cpp.o] Error 1
gmake[1]: *** [CMakeFiles/Makefile2:143: CMakeFiles/turtlebot3_drive.dir/all] Error 2
gmake: *** [Makefile:146: all] Error 2
