gmake[2]: *** No rule to make target '/home/nanu/turtlebot_social_navigation/src/turtlebot_simulations/turtlebot4_gazebo/src/turtlebot4_drive.cpp', needed by 'CMakeFiles/turtlebot4_drive.dir/src/turtlebot4_drive.cpp.o'.  Stop.
gmake[1]: *** [CMakeFiles/Makefile2:143: CMakeFiles/turtlebot4_drive.dir/all] Error 2
gmake[1]: *** Waiting for unfinished jobs....
[ 25%] Built target obstacles
[ 50%] Built target obstacle1
[ 75%] Built target obstacle2
gmake: *** [Makefile:146: all] Error 2
